info POST /api/v1/private/update/distance 200 18 - 703.633 ms 
ReqData{
  "key": "riueyr8943yhodsf94yhdoch"
}
info POST /api/v1/private/update/distance 200 18 - 587.813 ms 
ReqData{
  "key": "riueyr8943yhodsf94yhdoch"
}
info POST /api/v1/private/update/distance 200 18 - 2152.698 ms 
ReqData{
  "key": "riueyr8943yhodsf94yhdoch"
}
info POST /api/v1/private/update/distance 200 18 - 505.075 ms 
ReqData{
  "key": "riueyr8943yhodsf94yhdoch"
}
info POST /api/v1/private/update/distance 200 18 - 575.409 ms 
ReqData{
  "key": "riueyr8943yhodsf94yhdoch"
}
info POST /api/v1/private/update/distance 200 18 - 506.174 ms 
ReqData{
  "key": "riueyr8943yhodsf94yhdoch"
}
info POST /api/v1/otp/generate 200 267 - 1525.184 ms 
ReqData{
  "contactNo": "+917042548391",
  "role": "Company"
}
info POST /api/v1/private/update/distance 200 18 - 530.997 ms 
ReqData{
  "key": "riueyr8943yhodsf94yhdoch"
}
info POST /api/v1/otp/validate 200 272 - 611.900 ms 
ReqData{
  "contactNo": "+917042548391",
  "otp": "709567"
}
info GET /api/v1/campaign/list/all?state=1 200 269 - 258.199 ms 
ReqData{
  "state": "1"
}
info GET /api/v1/driver/list/all?state=1 304 - - 256.740 ms 
ReqData{
  "state": "1"
}
info GET /api/v1/campaign/list/NameAndIdById 200 113 - 320.373 ms 
ReqData{}
info POST /api/v1/campaign/distanceTravelled 200 267 - 328.276 ms 
ReqData{
  "id": "5d86d4615337035f8df16b10"
}
info GET /api/v1/campaign/list/all?state=1 304 - - 322.905 ms 
ReqData{
  "state": "1"
}
info GET /api/v1/campaign/list/NameAndIdById 304 - - 263.732 ms 
ReqData{}
info POST /api/v1/campaign/distanceTravelled 200 267 - 277.397 ms 
ReqData{
  "id": "5d86d4615337035f8df16b10"
}
info POST /api/v1/private/update/distance 200 18 - 546.733 ms 
ReqData{
  "key": "riueyr8943yhodsf94yhdoch"
}
info POST /api/v1/campaign/distanceTravelled 200 298 - 253.732 ms 
ReqData{
  "id": "5d86d4615337035f8df16b10"
}
info POST /api/v1/campaign/distanceTravelled 200 298 - 955.128 ms 
ReqData{
  "id": "5d86d4615337035f8df16b10"
}
info POST /api/v1/campaign/distanceTravelled 200 298 - 739.488 ms 
ReqData{
  "id": "5d86d4615337035f8df16b10"
}
info POST /api/v1/campaign/distanceTravelled 200 298 - 314.183 ms 
ReqData{
  "id": "5d86d4615337035f8df16b10"
}
info POST /api/v1/campaign/distanceTravelled 200 298 - 303.513 ms 
ReqData{
  "id": "5d86d4615337035f8df16b10"
}
info POST /api/v1/campaign/distanceTravelled 200 298 - 328.493 ms 
ReqData{
  "id": "5d86d4615337035f8df16b10"
}
info POST /api/v1/campaign/distanceTravelled 200 298 - 275.253 ms 
ReqData{
  "id": "5d86d4615337035f8df16b10"
}
info POST /api/v1/private/update/distance 200 18 - 653.091 ms 
ReqData{
  "key": "riueyr8943yhodsf94yhdoch"
}
info POST /api/v1/campaign/distanceTravelled 200 329 - 251.920 ms 
ReqData{
  "id": "5d86d4615337035f8df16b10"
}
info POST /api/v1/private/update/distance 200 18 - 655.844 ms 
ReqData{
  "key": "riueyr8943yhodsf94yhdoch"
}
info POST /api/v1/campaign/distanceTravelled 200 360 - 255.423 ms 
ReqData{
  "id": "5d86d4615337035f8df16b10"
}
info GET /api/v1/campaign/list/all?state=1 304 - - 273.445 ms 
ReqData{
  "state": "1"
}
info GET /api/v1/campaign/details?id=5d86d4615337035f8df16b10 200 214 - 304.731 ms 
ReqData{
  "id": "5d86d4615337035f8df16b10"
}
info GET /api/v1/campaign/list/NameAndIdById 304 - - 282.944 ms 
ReqData{}
info POST /api/v1/campaign/distanceTravelled 200 360 - 282.409 ms 
ReqData{
  "id": "5d86d4615337035f8df16b10"
}
info POST /api/v1/private/update/distance 200 18 - 664.257 ms 
ReqData{
  "key": "riueyr8943yhodsf94yhdoch"
}
info POST /api/v1/private/update/distance 200 18 - 21014.007 ms 
ReqData{
  "key": "riueyr8943yhodsf94yhdoch"
}
info POST /api/v1/private/update/distance 200 18 - 21029.316 ms 
ReqData{
  "key": "riueyr8943yhodsf94yhdoch"
}
info POST /api/v1/private/update/distance 200 18 - 21013.981 ms 
ReqData{
  "key": "riueyr8943yhodsf94yhdoch"
}
info POST /api/v1/private/update/distance 200 18 - 21047.807 ms 
ReqData{
  "key": "riueyr8943yhodsf94yhdoch"
}
info POST /api/v1/private/update/distance 200 18 - 21023.381 ms 
ReqData{
  "key": "riueyr8943yhodsf94yhdoch"
}
info POST /api/v1/private/update/distance 200 18 - 21046.254 ms 
ReqData{
  "key": "riueyr8943yhodsf94yhdoch"
}
info POST /api/v1/private/update/distance 200 18 - 21033.855 ms 
ReqData{
  "key": "riueyr8943yhodsf94yhdoch"
}
info POST /api/v1/private/update/distance 200 18 - 21055.205 ms 
ReqData{
  "key": "riueyr8943yhodsf94yhdoch"
}
info POST /api/v1/private/update/distance 200 18 - 21054.153 ms 
ReqData{
  "key": "riueyr8943yhodsf94yhdoch"
}
info POST /api/v1/private/update/distance 200 18 - 21220.031 ms 
ReqData{
  "key": "riueyr8943yhodsf94yhdoch"
}
info POST /api/v1/private/update/distance 200 18 - 21244.713 ms 
ReqData{
  "key": "riueyr8943yhodsf94yhdoch"
}
info POST /api/v1/private/update/distance 200 18 - 21217.390 ms 
ReqData{
  "key": "riueyr8943yhodsf94yhdoch"
}
info POST /api/v1/private/update/distance 200 18 - 21221.542 ms 
ReqData{
  "key": "riueyr8943yhodsf94yhdoch"
}
info POST /api/v1/private/update/distance 200 18 - 21261.617 ms 
ReqData{
  "key": "riueyr8943yhodsf94yhdoch"
}
info POST /api/v1/private/update/distance 200 18 - 21261.399 ms 
ReqData{
  "key": "riueyr8943yhodsf94yhdoch"
}
info POST /api/v1/private/update/distance 200 18 - 21245.936 ms 
ReqData{
  "key": "riueyr8943yhodsf94yhdoch"
}
info POST /api/v1/private/update/distance 200 18 - 21251.640 ms 
ReqData{
  "key": "riueyr8943yhodsf94yhdoch"
}
info POST /api/v1/private/update/distance 200 18 - 11438.550 ms 
ReqData{
  "key": "riueyr8943yhodsf94yhdoch"
}
info POST /api/v1/private/update/distance 200 18 - 21284.587 ms 
ReqData{
  "key": "riueyr8943yhodsf94yhdoch"
}
info POST /api/v1/private/update/distance 200 18 - 21293.958 ms 
ReqData{
  "key": "riueyr8943yhodsf94yhdoch"
}
info POST /api/v1/private/update/distance 200 18 - 21274.299 ms 
ReqData{
  "key": "riueyr8943yhodsf94yhdoch"
}
info POST /api/v1/private/update/distance 200 18 - 21294.742 ms 
ReqData{
  "key": "riueyr8943yhodsf94yhdoch"
}
info POST /api/v1/private/update/distance 200 18 - 1131.592 ms 
ReqData{
  "key": "riueyr8943yhodsf94yhdoch"
}
info POST /api/v1/private/update/distance 200 18 - 607.572 ms 
ReqData{
  "key": "riueyr8943yhodsf94yhdoch"
}
info POST /api/v1/admin/signin 200 232 - 442.282 ms 
ReqData{
  "email": "admin@taxiad.com",
  "password": "admin123"
}
info POST /api/v1/private/update/distance 200 18 - 614.065 ms 
ReqData{
  "key": "riueyr8943yhodsf94yhdoch"
}
info GET /api/v1/company/list/NameAndId 200 108 - 335.257 ms 
ReqData{}
info GET /api/v1/company/list/all?state=1 200 212 - 257.283 ms 
ReqData{
  "state": "1"
}
info GET /api/v1/driver/list/all?state=1 200 200 - 347.156 ms 
ReqData{
  "state": "1"
}
info GET /api/v1/campaign/list/all?state=1 200 236 - 278.454 ms 
ReqData{
  "state": "1"
}
info POST /api/v1/private/update/distance 200 18 - 619.606 ms 
ReqData{
  "key": "riueyr8943yhodsf94yhdoch"
}
info GET /api/v1/driver/list/all?state=0 200 200 - 285.397 ms 
ReqData{
  "state": "0"
}
info POST /api/v1/private/update/distance 200 18 - 626.776 ms 
ReqData{
  "key": "riueyr8943yhodsf94yhdoch"
}
info POST /api/v1/driver/update/state 200 71 - 1515.025 ms 
ReqData{
  "driverId": "5d86d6ac5337035f8df16b14",
  "state": 1
}
info POST /api/v1/driver/update/state 200 71 - 1202.649 ms 
ReqData{
  "driverId": "5d86d6ac5337035f8df16b14",
  "state": 1
}
info POST /api/v1/private/update/distance 200 18 - 610.321 ms 
ReqData{
  "key": "riueyr8943yhodsf94yhdoch"
}
info POST /api/v1/otp/generate 200 267 - 1512.438 ms 
ReqData{
  "contactNo": "+917042548391",
  "role": "Company"
}
info POST /api/v1/otp/validate 200 272 - 586.262 ms 
ReqData{
  "contactNo": "+917042548391",
  "otp": "467064"
}
info GET /api/v1/campaign/list/NameAndIdById 200 113 - 275.424 ms 
ReqData{}
info POST /api/v1/campaign/distanceTravelled 200 1135 - 313.731 ms 
ReqData{
  "id": "5d86d4615337035f8df16b10"
}
info POST /api/v1/private/update/distance 200 18 - 583.222 ms 
ReqData{
  "key": "riueyr8943yhodsf94yhdoch"
}
info POST /api/v1/private/update/distance 200 18 - 644.261 ms 
ReqData{
  "key": "riueyr8943yhodsf94yhdoch"
}
info POST /api/v1/private/update/distance 200 18 - 484.593 ms 
ReqData{
  "key": "riueyr8943yhodsf94yhdoch"
}
info POST /api/v1/private/update/distance 200 18 - 498.513 ms 
ReqData{
  "key": "riueyr8943yhodsf94yhdoch"
}
info POST /api/v1/private/update/distance 200 18 - 489.465 ms 
ReqData{
  "key": "riueyr8943yhodsf94yhdoch"
}
info POST /api/v1/private/update/distance 200 18 - 501.338 ms 
ReqData{
  "key": "riueyr8943yhodsf94yhdoch"
}
info POST /api/v1/private/update/distance 200 18 - 479.813 ms 
ReqData{
  "key": "riueyr8943yhodsf94yhdoch"
}
info POST /api/v1/private/update/distance 200 18 - 480.019 ms 
ReqData{
  "key": "riueyr8943yhodsf94yhdoch"
}
info POST /api/v1/private/update/distance 200 18 - 586.749 ms 
ReqData{
  "key": "riueyr8943yhodsf94yhdoch"
}
info POST /api/v1/private/update/distance 200 18 - 489.935 ms 
ReqData{
  "key": "riueyr8943yhodsf94yhdoch"
}
info POST /api/v1/private/update/distance 200 18 - 519.149 ms 
ReqData{
  "key": "riueyr8943yhodsf94yhdoch"
}
info POST /api/v1/private/update/distance 200 18 - 610.696 ms 
ReqData{
  "key": "riueyr8943yhodsf94yhdoch"
}
info POST /api/v1/private/update/distance 200 18 - 610.420 ms 
ReqData{
  "key": "riueyr8943yhodsf94yhdoch"
}
info POST /api/v1/private/update/distance 200 18 - 505.507 ms 
ReqData{
  "key": "riueyr8943yhodsf94yhdoch"
}
info POST /api/v1/private/update/distance 200 18 - 515.838 ms 
ReqData{
  "key": "riueyr8943yhodsf94yhdoch"
}
info POST /api/v1/private/update/distance 200 18 - 515.749 ms 
ReqData{
  "key": "riueyr8943yhodsf94yhdoch"
}
info POST /api/v1/private/update/distance 200 18 - 521.452 ms 
ReqData{
  "key": "riueyr8943yhodsf94yhdoch"
}
info POST /api/v1/private/update/distance 200 18 - 531.404 ms 
ReqData{
  "key": "riueyr8943yhodsf94yhdoch"
}
info POST /api/v1/private/update/distance 200 18 - 636.417 ms 
ReqData{
  "key": "riueyr8943yhodsf94yhdoch"
}
info POST /api/v1/private/update/distance 200 18 - 538.067 ms 
ReqData{
  "key": "riueyr8943yhodsf94yhdoch"
}
info POST /api/v1/admin/signin 200 232 - 448.771 ms 
ReqData{
  "email": "admin@taxiad.com",
  "password": "admin123"
}
info POST /api/v1/private/update/distance 200 18 - 650.885 ms 
ReqData{
  "key": "riueyr8943yhodsf94yhdoch"
}
info POST /api/v1/company/add 200 67 - 591.507 ms 
ReqData{
  "name": "Shubham Srivastava",
  "contactPersonName": "Shilpi",
  "contactPersonContactNo": "7042548391",
  "contactPersonEmail": "shubham9918sri@gmail.com"
}
info GET /api/v1/company/list/NameAndId 200 174 - 242.726 ms 
ReqData{}
info POST /api/v1/campaign/add 200 475 - 849.090 ms 
ReqData{
  "name": "Shubham Srivastava",
  "city": "Greater Noida",
  "contactPersonEmail": "shubham9918sri@gmail.com",
  "startDate": "2019-09-22",
  "endDate": "2019-10-22",
  "contactPersonName": "Shilpi",
  "contactPersonContactNo": "7042548391",
  "companyId": "5d86e6126bc5d15fbbe163ad"
}
info POST /api/v1/private/update/distance 200 18 - 655.461 ms 
ReqData{
  "key": "riueyr8943yhodsf94yhdoch"
}
info POST /api/v1/driver/add 200 66 - 628.299 ms 
ReqData{
  "name": "Shubham Srivastava",
  "contactNo": "9625376987",
  "email": "shubham918sri@gmail.com",
  "city": "Greater Noida",
  "carNo": "UP10PQ1020",
  "bankAccNo": "83764876348346876",
  "bankIFSC": "SBIN0008376"
}
info GET /api/v1/driver/list/all?state=1 304 - - 280.109 ms 
ReqData{
  "state": "1"
}
info GET /api/v1/driver/list/all?state=0 200 209 - 323.307 ms 
ReqData{
  "state": "0"
}
info POST /api/v1/driver/update/state 200 71 - 1525.907 ms 
ReqData{
  "driverId": "5d86e64f6bc5d15fbbe163af",
  "state": 1
}
info GET /api/v1/campaign/list/all?state=1 200 454 - 306.437 ms 
ReqData{
  "state": "1"
}
info GET /api/v1/driver/list/all?state=1 200 353 - 337.551 ms 
ReqData{
  "state": "1"
}
info POST /api/v1/campaign/list/NameAndIdByCity 200 124 - 247.255 ms 
ReqData{
  "city": "Greater Noida"
}
info POST /api/v1/campaign/add/driver 200 71 - 3792.080 ms 
ReqData{
  "campaignId": "5d86e62a6bc5d15fbbe163ae",
  "driverId": "5d86e64f6bc5d15fbbe163af"
}
info GET /api/v1/driver/list/all?state=1 200 352 - 240.775 ms 
ReqData{
  "state": "1"
}
info POST /api/v1/campaign/list/NameAndIdByCity 200 110 - 356.835 ms 
ReqData{
  "city": "noida"
}
info GET /api/v1/campaign/list/all?state=1 304 - - 330.753 ms 
ReqData{
  "state": "1"
}
info POST /api/v1/private/update/distance 200 18 - 487.909 ms 
ReqData{
  "key": "riueyr8943yhodsf94yhdoch"
}
info GET /api/v1/campaign/details?id=5d86d4615337035f8df16b10 304 - - 260.139 ms 
ReqData{
  "id": "5d86d4615337035f8df16b10"
}
info GET /api/v1/campaign/list/all?state=1 200 269 - 242.868 ms 
ReqData{
  "state": "1"
}
info GET /api/v1/campaign/details?id=5d86d4615337035f8df16b10 200 214 - 312.289 ms 
ReqData{
  "id": "5d86d4615337035f8df16b10"
}
info POST /api/v1/private/update/distance 200 18 - 559.286 ms 
ReqData{
  "key": "riueyr8943yhodsf94yhdoch"
}
info POST /api/v1/private/update/distance 200 18 - 9207.597 ms 
ReqData{
  "key": "riueyr8943yhodsf94yhdoch"
}
info POST /api/v1/private/update/distance 200 18 - 14196.928 ms 
ReqData{
  "key": "riueyr8943yhodsf94yhdoch"
}
info POST /api/v1/private/update/distance 200 18 - 684.063 ms 
ReqData{
  "key": "riueyr8943yhodsf94yhdoch"
}
info POST /api/v1/private/update/distance 200 18 - 493.493 ms 
ReqData{
  "key": "riueyr8943yhodsf94yhdoch"
}
info POST /api/v1/private/update/distance 200 18 - 493.509 ms 
ReqData{
  "key": "riueyr8943yhodsf94yhdoch"
}
info POST /api/v1/private/update/distance 200 18 - 634.847 ms 
ReqData{
  "key": "riueyr8943yhodsf94yhdoch"
}
info POST /api/v1/private/update/distance 200 18 - 665.205 ms 
ReqData{
  "key": "riueyr8943yhodsf94yhdoch"
}
info POST /api/v1/private/update/distance 200 18 - 660.127 ms 
ReqData{
  "key": "riueyr8943yhodsf94yhdoch"
}
info POST /api/v1/private/update/distance 200 18 - 578.217 ms 
ReqData{
  "key": "riueyr8943yhodsf94yhdoch"
}
info POST /api/v1/private/update/distance 200 18 - 580.073 ms 
ReqData{
  "key": "riueyr8943yhodsf94yhdoch"
}
info POST /api/v1/private/update/distance 200 18 - 490.222 ms 
ReqData{
  "key": "riueyr8943yhodsf94yhdoch"
}
info POST /api/v1/private/update/distance 200 18 - 529.890 ms 
ReqData{
  "key": "riueyr8943yhodsf94yhdoch"
}
info POST /api/v1/private/update/distance 200 18 - 500.269 ms 
ReqData{
  "key": "riueyr8943yhodsf94yhdoch"
}
info POST /api/v1/private/update/distance 200 18 - 504.120 ms 
ReqData{
  "key": "riueyr8943yhodsf94yhdoch"
}
info POST /api/v1/private/update/distance 200 18 - 551.423 ms 
ReqData{
  "key": "riueyr8943yhodsf94yhdoch"
}
info POST /api/v1/private/update/distance 200 18 - 533.193 ms 
ReqData{
  "key": "riueyr8943yhodsf94yhdoch"
}
info POST /api/v1/private/update/distance 200 18 - 486.789 ms 
ReqData{
  "key": "riueyr8943yhodsf94yhdoch"
}
info POST /api/v1/private/update/distance 200 18 - 630.494 ms 
ReqData{
  "key": "riueyr8943yhodsf94yhdoch"
}
info POST /api/v1/private/update/distance 200 18 - 638.124 ms 
ReqData{
  "key": "riueyr8943yhodsf94yhdoch"
}
info POST /api/v1/private/update/distance 200 18 - 534.267 ms 
ReqData{
  "key": "riueyr8943yhodsf94yhdoch"
}
info POST /api/v1/private/update/distance 200 18 - 544.756 ms 
ReqData{
  "key": "riueyr8943yhodsf94yhdoch"
}
info POST /api/v1/private/update/distance 200 18 - 552.737 ms 
ReqData{
  "key": "riueyr8943yhodsf94yhdoch"
}
info POST /api/v1/private/update/distance 200 18 - 564.086 ms 
ReqData{
  "key": "riueyr8943yhodsf94yhdoch"
}
info POST /api/v1/private/update/distance 200 18 - 566.616 ms 
ReqData{
  "key": "riueyr8943yhodsf94yhdoch"
}
info POST /api/v1/private/update/distance 200 18 - 505.114 ms 
ReqData{
  "key": "riueyr8943yhodsf94yhdoch"
}
info POST /api/v1/private/update/distance 200 18 - 512.368 ms 
ReqData{
  "key": "riueyr8943yhodsf94yhdoch"
}
info POST /api/v1/private/update/distance 200 18 - 519.641 ms 
ReqData{
  "key": "riueyr8943yhodsf94yhdoch"
}
info POST /api/v1/private/update/distance 200 18 - 596.188 ms 
ReqData{
  "key": "riueyr8943yhodsf94yhdoch"
}
info POST /api/v1/private/update/distance 200 18 - 537.812 ms 
ReqData{
  "key": "riueyr8943yhodsf94yhdoch"
}
info POST /api/v1/private/update/distance 200 18 - 609.176 ms 
ReqData{
  "key": "riueyr8943yhodsf94yhdoch"
}
info POST /api/v1/private/update/distance 200 18 - 491.970 ms 
ReqData{
  "key": "riueyr8943yhodsf94yhdoch"
}
info POST /api/v1/private/update/distance 200 18 - 557.135 ms 
ReqData{
  "key": "riueyr8943yhodsf94yhdoch"
}
info POST /api/v1/private/update/distance 200 18 - 491.864 ms 
ReqData{
  "key": "riueyr8943yhodsf94yhdoch"
}
info POST /api/v1/private/update/distance 200 18 - 486.834 ms 
ReqData{
  "key": "riueyr8943yhodsf94yhdoch"
}
info POST /api/v1/private/update/distance 200 18 - 539.162 ms 
ReqData{
  "key": "riueyr8943yhodsf94yhdoch"
}
info POST /api/v1/private/update/distance 200 18 - 484.182 ms 
ReqData{
  "key": "riueyr8943yhodsf94yhdoch"
}
info POST /api/v1/private/update/distance 200 18 - 484.714 ms 
ReqData{
  "key": "riueyr8943yhodsf94yhdoch"
}
info POST /api/v1/private/update/distance 200 18 - 659.382 ms 
ReqData{
  "key": "riueyr8943yhodsf94yhdoch"
}
info POST /api/v1/private/update/distance 200 18 - 560.884 ms 
ReqData{
  "key": "riueyr8943yhodsf94yhdoch"
}
info POST /api/v1/private/update/distance 200 18 - 565.722 ms 
ReqData{
  "key": "riueyr8943yhodsf94yhdoch"
}
info POST /api/v1/private/update/distance 200 18 - 492.085 ms 
ReqData{
  "key": "riueyr8943yhodsf94yhdoch"
}
info POST /api/v1/private/update/distance 200 18 - 511.195 ms 
ReqData{
  "key": "riueyr8943yhodsf94yhdoch"
}
info POST /api/v1/private/update/distance 200 18 - 589.684 ms 
ReqData{
  "key": "riueyr8943yhodsf94yhdoch"
}
info POST /api/v1/private/update/distance 200 18 - 588.601 ms 
ReqData{
  "key": "riueyr8943yhodsf94yhdoch"
}
info POST /api/v1/private/update/distance 200 18 - 497.926 ms 
ReqData{
  "key": "riueyr8943yhodsf94yhdoch"
}
info POST /api/v1/private/update/distance 200 18 - 601.191 ms 
ReqData{
  "key": "riueyr8943yhodsf94yhdoch"
}
info POST /api/v1/private/update/distance 200 18 - 500.655 ms 
ReqData{
  "key": "riueyr8943yhodsf94yhdoch"
}
info POST /api/v1/private/update/distance 200 18 - 646.963 ms 
ReqData{
  "key": "riueyr8943yhodsf94yhdoch"
}
info POST /api/v1/private/update/distance 200 18 - 570.200 ms 
ReqData{
  "key": "riueyr8943yhodsf94yhdoch"
}
info POST /api/v1/private/update/distance 200 18 - 516.723 ms 
ReqData{
  "key": "riueyr8943yhodsf94yhdoch"
}
info POST /api/v1/private/update/distance 200 18 - 662.789 ms 
ReqData{
  "key": "riueyr8943yhodsf94yhdoch"
}
info POST /api/v1/private/update/distance 200 18 - 498.304 ms 
ReqData{
  "key": "riueyr8943yhodsf94yhdoch"
}
info POST /api/v1/private/update/distance 200 18 - 666.239 ms 
ReqData{
  "key": "riueyr8943yhodsf94yhdoch"
}
info POST /api/v1/private/update/distance 200 18 - 581.707 ms 
ReqData{
  "key": "riueyr8943yhodsf94yhdoch"
}
info POST /api/v1/private/update/distance 200 18 - 585.325 ms 
ReqData{
  "key": "riueyr8943yhodsf94yhdoch"
}
info POST /api/v1/private/update/distance 200 18 - 504.757 ms 
ReqData{
  "key": "riueyr8943yhodsf94yhdoch"
}
info POST /api/v1/private/update/distance 200 18 - 504.963 ms 
ReqData{
  "key": "riueyr8943yhodsf94yhdoch"
}
info POST /api/v1/private/update/distance 200 18 - 507.020 ms 
ReqData{
  "key": "riueyr8943yhodsf94yhdoch"
}
info POST /api/v1/private/update/distance 200 18 - 507.057 ms 
ReqData{
  "key": "riueyr8943yhodsf94yhdoch"
}
info POST /api/v1/private/update/distance 200 18 - 497.398 ms 
ReqData{
  "key": "riueyr8943yhodsf94yhdoch"
}
info POST /api/v1/private/update/distance 200 18 - 567.178 ms 
ReqData{
  "key": "riueyr8943yhodsf94yhdoch"
}
info POST /api/v1/private/update/distance 200 18 - 567.775 ms 
ReqData{
  "key": "riueyr8943yhodsf94yhdoch"
}
info POST /api/v1/private/update/distance 200 18 - 501.492 ms 
ReqData{
  "key": "riueyr8943yhodsf94yhdoch"
}
info POST /api/v1/private/update/distance 200 18 - 499.619 ms 
ReqData{
  "key": "riueyr8943yhodsf94yhdoch"
}
info POST /api/v1/private/update/distance 200 18 - 498.544 ms 
ReqData{
  "key": "riueyr8943yhodsf94yhdoch"
}
info POST /api/v1/private/update/distance 200 18 - 497.480 ms 
ReqData{
  "key": "riueyr8943yhodsf94yhdoch"
}
info POST /api/v1/private/update/distance 200 18 - 554.881 ms 
ReqData{
  "key": "riueyr8943yhodsf94yhdoch"
}
info POST /api/v1/private/update/distance 200 18 - 559.352 ms 
ReqData{
  "key": "riueyr8943yhodsf94yhdoch"
}
info POST /api/v1/private/update/distance 200 18 - 571.210 ms 
ReqData{
  "key": "riueyr8943yhodsf94yhdoch"
}
info POST /api/v1/private/update/distance 200 18 - 520.901 ms 
ReqData{
  "key": "riueyr8943yhodsf94yhdoch"
}
info POST /api/v1/private/update/distance 200 18 - 502.054 ms 
ReqData{
  "key": "riueyr8943yhodsf94yhdoch"
}
info POST /api/v1/private/update/distance 200 18 - 590.488 ms 
ReqData{
  "key": "riueyr8943yhodsf94yhdoch"
}
info POST /api/v1/private/update/distance 200 18 - 592.300 ms 
ReqData{
  "key": "riueyr8943yhodsf94yhdoch"
}
info POST /api/v1/private/update/distance 200 18 - 602.168 ms 
ReqData{
  "key": "riueyr8943yhodsf94yhdoch"
}
info POST /api/v1/private/update/distance 200 18 - 547.057 ms 
ReqData{
  "key": "riueyr8943yhodsf94yhdoch"
}
info POST /api/v1/private/update/distance 200 18 - 497.922 ms 
ReqData{
  "key": "riueyr8943yhodsf94yhdoch"
}
info POST /api/v1/private/update/distance 200 18 - 497.324 ms 
ReqData{
  "key": "riueyr8943yhodsf94yhdoch"
}
info POST /api/v1/private/update/distance 200 18 - 503.501 ms 
ReqData{
  "key": "riueyr8943yhodsf94yhdoch"
}
info POST /api/v1/private/update/distance 200 18 - 631.198 ms 
ReqData{
  "key": "riueyr8943yhodsf94yhdoch"
}
info POST /api/v1/private/update/distance 200 18 - 539.142 ms 
ReqData{
  "key": "riueyr8943yhodsf94yhdoch"
}
info POST /api/v1/private/update/distance 200 18 - 500.690 ms 
ReqData{
  "key": "riueyr8943yhodsf94yhdoch"
}
info POST /api/v1/private/update/distance 200 18 - 937.119 ms 
ReqData{
  "key": "riueyr8943yhodsf94yhdoch"
}
info POST /api/v1/private/update/distance 200 18 - 748.683 ms 
ReqData{
  "key": "riueyr8943yhodsf94yhdoch"
}
info POST /api/v1/private/update/distance 200 18 - 856.316 ms 
ReqData{
  "key": "riueyr8943yhodsf94yhdoch"
}
info POST /api/v1/private/update/distance 200 18 - 869.651 ms 
ReqData{
  "key": "riueyr8943yhodsf94yhdoch"
}
info POST /api/v1/private/update/distance 200 18 - 889.945 ms 
ReqData{
  "key": "riueyr8943yhodsf94yhdoch"
}
info POST /api/v1/private/update/distance 200 18 - 774.432 ms 
ReqData{
  "key": "riueyr8943yhodsf94yhdoch"
}
info POST /api/v1/private/update/distance 200 18 - 753.349 ms 
ReqData{
  "key": "riueyr8943yhodsf94yhdoch"
}
info POST /api/v1/private/update/distance 200 18 - 903.990 ms 
ReqData{
  "key": "riueyr8943yhodsf94yhdoch"
}
info POST /api/v1/private/update/distance 200 18 - 911.984 ms 
ReqData{
  "key": "riueyr8943yhodsf94yhdoch"
}
info POST /api/v1/private/update/distance 200 18 - 909.170 ms 
ReqData{
  "key": "riueyr8943yhodsf94yhdoch"
}
info POST /api/v1/private/update/distance 200 18 - 928.611 ms 
ReqData{
  "key": "riueyr8943yhodsf94yhdoch"
}
info POST /api/v1/private/update/distance 200 18 - 925.514 ms 
ReqData{
  "key": "riueyr8943yhodsf94yhdoch"
}
info POST /api/v1/private/update/distance 200 18 - 870.120 ms 
ReqData{
  "key": "riueyr8943yhodsf94yhdoch"
}
info POST /api/v1/private/update/distance 200 18 - 837.122 ms 
ReqData{
  "key": "riueyr8943yhodsf94yhdoch"
}
info POST /api/v1/private/update/distance 200 18 - 946.325 ms 
ReqData{
  "key": "riueyr8943yhodsf94yhdoch"
}
info POST /api/v1/private/update/distance 200 18 - 955.747 ms 
ReqData{
  "key": "riueyr8943yhodsf94yhdoch"
}
info POST /api/v1/private/update/distance 200 18 - 804.353 ms 
ReqData{
  "key": "riueyr8943yhodsf94yhdoch"
}
info POST /api/v1/private/update/distance 200 18 - 2157.157 ms 
ReqData{
  "key": "riueyr8943yhodsf94yhdoch"
}
info POST /api/v1/private/update/distance 200 18 - 970.770 ms 
ReqData{
  "key": "riueyr8943yhodsf94yhdoch"
}
info POST /api/v1/private/update/distance 200 18 - 757.222 ms 
ReqData{
  "key": "riueyr8943yhodsf94yhdoch"
}
info POST /api/v1/private/update/distance 200 18 - 742.455 ms 
ReqData{
  "key": "riueyr8943yhodsf94yhdoch"
}
info POST /api/v1/private/update/distance 200 18 - 890.678 ms 
ReqData{
  "key": "riueyr8943yhodsf94yhdoch"
}
info POST /api/v1/private/update/distance 200 18 - 891.945 ms 
ReqData{
  "key": "riueyr8943yhodsf94yhdoch"
}
info POST /api/v1/private/update/distance 200 18 - 870.493 ms 
ReqData{
  "key": "riueyr8943yhodsf94yhdoch"
}
info POST /api/v1/private/update/distance 200 18 - 906.090 ms 
ReqData{
  "key": "riueyr8943yhodsf94yhdoch"
}
info POST /api/v1/private/update/distance 200 18 - 914.896 ms 
ReqData{
  "key": "riueyr8943yhodsf94yhdoch"
}
info POST /api/v1/private/update/distance 200 18 - 820.486 ms 
ReqData{
  "key": "riueyr8943yhodsf94yhdoch"
}
info POST /api/v1/private/update/distance 200 18 - 932.714 ms 
ReqData{
  "key": "riueyr8943yhodsf94yhdoch"
}
info POST /api/v1/private/update/distance 200 18 - 747.531 ms 
ReqData{
  "key": "riueyr8943yhodsf94yhdoch"
}
info POST /api/v1/private/update/distance 200 18 - 839.375 ms 
ReqData{
  "key": "riueyr8943yhodsf94yhdoch"
}
info POST /api/v1/private/update/distance 200 18 - 882.271 ms 
ReqData{
  "key": "riueyr8943yhodsf94yhdoch"
}
info POST /api/v1/private/update/distance 200 18 - 849.601 ms 
ReqData{
  "key": "riueyr8943yhodsf94yhdoch"
}
info POST /api/v1/private/update/distance 200 18 - 957.032 ms 
ReqData{
  "key": "riueyr8943yhodsf94yhdoch"
}
info POST /api/v1/private/update/distance 200 18 - 898.439 ms 
ReqData{
  "key": "riueyr8943yhodsf94yhdoch"
}
info POST /api/v1/private/update/distance 200 18 - 809.326 ms 
ReqData{
  "key": "riueyr8943yhodsf94yhdoch"
}
info POST /api/v1/private/update/distance 200 18 - 972.597 ms 
ReqData{
  "key": "riueyr8943yhodsf94yhdoch"
}
info POST /api/v1/private/update/distance 200 18 - 818.123 ms 
ReqData{
  "key": "riueyr8943yhodsf94yhdoch"
}
info POST /api/v1/private/update/distance 200 18 - 784.509 ms 
ReqData{
  "key": "riueyr8943yhodsf94yhdoch"
}
info POST /api/v1/private/update/distance 200 18 - 894.692 ms 
ReqData{
  "key": "riueyr8943yhodsf94yhdoch"
}
info POST /api/v1/private/update/distance 200 18 - 883.996 ms 
ReqData{
  "key": "riueyr8943yhodsf94yhdoch"
}
info POST /api/v1/private/update/distance 200 18 - 803.060 ms 
ReqData{
  "key": "riueyr8943yhodsf94yhdoch"
}
info POST /api/v1/private/update/distance 200 18 - 910.821 ms 
ReqData{
  "key": "riueyr8943yhodsf94yhdoch"
}
info POST /api/v1/private/update/distance 200 18 - 916.556 ms 
ReqData{
  "key": "riueyr8943yhodsf94yhdoch"
}
info POST /api/v1/private/update/distance 200 18 - 863.985 ms 
ReqData{
  "key": "riueyr8943yhodsf94yhdoch"
}
info POST /api/v1/private/update/distance 200 18 - 825.793 ms 
ReqData{
  "key": "riueyr8943yhodsf94yhdoch"
}
info POST /api/v1/private/update/distance 200 18 - 940.843 ms 
ReqData{
  "key": "riueyr8943yhodsf94yhdoch"
}
info POST /api/v1/private/update/distance 200 18 - 878.474 ms 
ReqData{
  "key": "riueyr8943yhodsf94yhdoch"
}
info POST /api/v1/private/update/distance 200 18 - 828.372 ms 
ReqData{
  "key": "riueyr8943yhodsf94yhdoch"
}
info POST /api/v1/private/update/distance 200 18 - 852.769 ms 
ReqData{
  "key": "riueyr8943yhodsf94yhdoch"
}
info POST /api/v1/private/update/distance 200 18 - 957.507 ms 
ReqData{
  "key": "riueyr8943yhodsf94yhdoch"
}
info POST /api/v1/private/update/distance 200 18 - 962.396 ms 
ReqData{
  "key": "riueyr8943yhodsf94yhdoch"
}
info POST /api/v1/private/update/distance 200 18 - 977.324 ms 
ReqData{
  "key": "riueyr8943yhodsf94yhdoch"
}
info POST /api/v1/private/update/distance 200 18 - 814.116 ms 
ReqData{
  "key": "riueyr8943yhodsf94yhdoch"
}
info POST /api/v1/private/update/distance 200 18 - 884.941 ms 
ReqData{
  "key": "riueyr8943yhodsf94yhdoch"
}
info POST /api/v1/private/update/distance 200 18 - 743.788 ms 
ReqData{
  "key": "riueyr8943yhodsf94yhdoch"
}
info POST /api/v1/private/update/distance 200 18 - 893.676 ms 
ReqData{
  "key": "riueyr8943yhodsf94yhdoch"
}
info POST /api/v1/private/update/distance 200 18 - 749.064 ms 
ReqData{
  "key": "riueyr8943yhodsf94yhdoch"
}
info POST /api/v1/private/update/distance 200 18 - 842.957 ms 
ReqData{
  "key": "riueyr8943yhodsf94yhdoch"
}
info POST /api/v1/private/update/distance 200 18 - 914.406 ms 
ReqData{
  "key": "riueyr8943yhodsf94yhdoch"
}
info POST /api/v1/private/update/distance 200 18 - 918.259 ms 
ReqData{
  "key": "riueyr8943yhodsf94yhdoch"
}
info POST /api/v1/private/update/distance 200 18 - 929.490 ms 
ReqData{
  "key": "riueyr8943yhodsf94yhdoch"
}
info POST /api/v1/private/update/distance 200 18 - 932.474 ms 
ReqData{
  "key": "riueyr8943yhodsf94yhdoch"
}
info POST /api/v1/private/update/distance 200 18 - 742.726 ms 
ReqData{
  "key": "riueyr8943yhodsf94yhdoch"
}
info POST /api/v1/private/update/distance 200 18 - 946.838 ms 
ReqData{
  "key": "riueyr8943yhodsf94yhdoch"
}
info POST /api/v1/private/update/distance 200 18 - 750.328 ms 
ReqData{
  "key": "riueyr8943yhodsf94yhdoch"
}
info POST /api/v1/private/update/distance 200 18 - 802.496 ms 
ReqData{
  "key": "riueyr8943yhodsf94yhdoch"
}
info POST /api/v1/private/update/distance 200 18 - 743.808 ms 
ReqData{
  "key": "riueyr8943yhodsf94yhdoch"
}
info POST /api/v1/private/update/distance 200 18 - 867.573 ms 
ReqData{
  "key": "riueyr8943yhodsf94yhdoch"
}
info POST /api/v1/private/update/distance 200 18 - 913.625 ms 
ReqData{
  "key": "riueyr8943yhodsf94yhdoch"
}
info POST /api/v1/private/update/distance 200 18 - 883.562 ms 
ReqData{
  "key": "riueyr8943yhodsf94yhdoch"
}
info POST /api/v1/private/update/distance 200 18 - 766.002 ms 
ReqData{
  "key": "riueyr8943yhodsf94yhdoch"
}
info POST /api/v1/private/update/distance 200 18 - 744.256 ms 
ReqData{
  "key": "riueyr8943yhodsf94yhdoch"
}
info POST /api/v1/private/update/distance 200 18 - 899.122 ms 
ReqData{
  "key": "riueyr8943yhodsf94yhdoch"
}
info POST /api/v1/private/update/distance 200 18 - 990.311 ms 
ReqData{
  "key": "riueyr8943yhodsf94yhdoch"
}
info POST /api/v1/private/update/distance 200 18 - 750.861 ms 
ReqData{
  "key": "riueyr8943yhodsf94yhdoch"
}
info POST /api/v1/private/update/distance 200 18 - 814.180 ms 
ReqData{
  "key": "riueyr8943yhodsf94yhdoch"
}
info POST /api/v1/private/update/distance 200 18 - 745.689 ms 
ReqData{
  "key": "riueyr8943yhodsf94yhdoch"
}
info POST /api/v1/private/update/distance 200 18 - 750.084 ms 
ReqData{
  "key": "riueyr8943yhodsf94yhdoch"
}
info POST /api/v1/private/update/distance 200 18 - 934.854 ms 
ReqData{
  "key": "riueyr8943yhodsf94yhdoch"
}
info POST /api/v1/private/update/distance 200 18 - 821.656 ms 
ReqData{
  "key": "riueyr8943yhodsf94yhdoch"
}
info POST /api/v1/private/update/distance 200 18 - 854.459 ms 
ReqData{
  "key": "riueyr8943yhodsf94yhdoch"
}
info POST /api/v1/private/update/distance 200 18 - 959.388 ms 
ReqData{
  "key": "riueyr8943yhodsf94yhdoch"
}
info POST /api/v1/private/update/distance 200 18 - 747.182 ms 
ReqData{
  "key": "riueyr8943yhodsf94yhdoch"
}
info POST /api/v1/private/update/distance 200 18 - 757.558 ms 
ReqData{
  "key": "riueyr8943yhodsf94yhdoch"
}
info POST /api/v1/private/update/distance 200 18 - 756.963 ms 
ReqData{
  "key": "riueyr8943yhodsf94yhdoch"
}
info POST /api/v1/private/update/distance 200 18 - 754.460 ms 
ReqData{
  "key": "riueyr8943yhodsf94yhdoch"
}
info POST /api/v1/private/update/distance 200 18 - 827.154 ms 
ReqData{
  "key": "riueyr8943yhodsf94yhdoch"
}
info POST /api/v1/private/update/distance 200 18 - 1042.599 ms 
ReqData{
  "key": "riueyr8943yhodsf94yhdoch"
}
info POST /api/v1/private/update/distance 200 18 - 742.381 ms 
ReqData{
  "key": "riueyr8943yhodsf94yhdoch"
}
info POST /api/v1/private/update/distance 200 18 - 840.682 ms 
ReqData{
  "key": "riueyr8943yhodsf94yhdoch"
}
info POST /api/v1/private/update/distance 200 18 - 905.884 ms 
ReqData{
  "key": "riueyr8943yhodsf94yhdoch"
}
info POST /api/v1/private/update/distance 200 18 - 798.513 ms 
ReqData{
  "key": "riueyr8943yhodsf94yhdoch"
}
info POST /api/v1/private/update/distance 200 18 - 924.036 ms 
ReqData{
  "key": "riueyr8943yhodsf94yhdoch"
}
info POST /api/v1/private/update/distance 200 18 - 785.175 ms 
ReqData{
  "key": "riueyr8943yhodsf94yhdoch"
}
info POST /api/v1/private/update/distance 200 18 - 789.608 ms 
ReqData{
  "key": "riueyr8943yhodsf94yhdoch"
}
info POST /api/v1/private/update/distance 200 18 - 751.813 ms 
ReqData{
  "key": "riueyr8943yhodsf94yhdoch"
}
info POST /api/v1/private/update/distance 200 18 - 836.027 ms 
ReqData{
  "key": "riueyr8943yhodsf94yhdoch"
}
info POST /api/v1/private/update/distance 200 18 - 748.314 ms 
ReqData{
  "key": "riueyr8943yhodsf94yhdoch"
}
info POST /api/v1/private/update/distance 200 18 - 858.171 ms 
ReqData{
  "key": "riueyr8943yhodsf94yhdoch"
}
info POST /api/v1/private/update/distance 200 18 - 853.746 ms 
ReqData{
  "key": "riueyr8943yhodsf94yhdoch"
}
info POST /api/v1/private/update/distance 200 18 - 753.155 ms 
ReqData{
  "key": "riueyr8943yhodsf94yhdoch"
}
info POST /api/v1/private/update/distance 200 18 - 882.632 ms 
ReqData{
  "key": "riueyr8943yhodsf94yhdoch"
}
info POST /api/v1/private/update/distance 200 18 - 880.724 ms 
ReqData{
  "key": "riueyr8943yhodsf94yhdoch"
}
info POST /api/v1/private/update/distance 200 18 - 881.071 ms 
ReqData{
  "key": "riueyr8943yhodsf94yhdoch"
}
info POST /api/v1/private/update/distance 200 18 - 897.980 ms 
ReqData{
  "key": "riueyr8943yhodsf94yhdoch"
}
info POST /api/v1/private/update/distance 200 18 - 899.843 ms 
ReqData{
  "key": "riueyr8943yhodsf94yhdoch"
}
info POST /api/v1/private/update/distance 200 18 - 907.837 ms 
ReqData{
  "key": "riueyr8943yhodsf94yhdoch"
}
info POST /api/v1/private/update/distance 200 18 - 919.894 ms 
ReqData{
  "key": "riueyr8943yhodsf94yhdoch"
}
info POST /api/v1/private/update/distance 200 18 - 845.488 ms 
ReqData{
  "key": "riueyr8943yhodsf94yhdoch"
}
info POST /api/v1/private/update/distance 200 18 - 823.406 ms 
ReqData{
  "key": "riueyr8943yhodsf94yhdoch"
}
info POST /api/v1/private/update/distance 200 18 - 828.995 ms 
ReqData{
  "key": "riueyr8943yhodsf94yhdoch"
}
